2025-03-13 00:19:27.111  INFO 16328 --- [RMI TCP Connection(269)-127.0.0.1] inMXBeanRegistrar$SpringApplicationAdmin : Application shutdown requested.
2025-03-13 00:19:27.699  INFO 16328 --- [RMI TCP Connection(269)-127.0.0.1] j.LocalContainerEntityManagerFactoryBean : Closing JPA EntityManagerFactory for persistence unit 'default'
2025-03-13 00:19:27.757  INFO 16328 --- [RMI TCP Connection(269)-127.0.0.1] com.zaxxer.hikari.HikariDataSource       : HikariPool-1 - Shutdown initiated...
2025-03-13 00:19:27.769  INFO 16328 --- [RMI TCP Connection(269)-127.0.0.1] com.zaxxer.hikari.HikariDataSource       : HikariPool-1 - Shutdown completed.
2025-03-13 00:19:36.452  INFO 7408 --- [main] com.pos_main.PosMainApplication          : Starting PosMainApplication using Java 21.0.5 on SK_BAVI18 with PID 7408 (D:\delta_pos_be\target\classes started by skbav in D:\delta_pos_be)
2025-03-13 00:19:36.455  INFO 7408 --- [main] com.pos_main.PosMainApplication          : The following profiles are active: dev
2025-03-13 00:19:39.746  INFO 7408 --- [main] .s.d.r.c.RepositoryConfigurationDelegate : Bootstrapping Spring Data JPA repositories in DEFAULT mode.
2025-03-13 00:19:39.768  INFO 7408 --- [main] .s.d.r.c.RepositoryConfigurationDelegate : Finished Spring Data repository scanning in 15 ms. Found 0 JPA repository interfaces.
2025-03-13 00:19:40.206  INFO 7408 --- [main] o.s.b.w.embedded.tomcat.TomcatWebServer  : Tomcat initialized with port(s): 8080 (http)
2025-03-13 00:19:40.216  INFO 7408 --- [main] o.apache.catalina.core.StandardService   : Starting service [Tomcat]
2025-03-13 00:19:40.216  INFO 7408 --- [main] org.apache.catalina.core.StandardEngine  : Starting Servlet engine: [Apache Tomcat/9.0.55]
2025-03-13 00:19:40.279  INFO 7408 --- [main] o.a.c.c.C.[Tomcat].[localhost].[/]       : Initializing Spring embedded WebApplicationContext
2025-03-13 00:19:40.279  INFO 7408 --- [main] w.s.c.ServletWebServerApplicationContext : Root WebApplicationContext: initialization completed in 3775 ms
2025-03-13 00:19:40.421  INFO 7408 --- [main] o.hibernate.jpa.internal.util.LogHelper  : HHH000204: Processing PersistenceUnitInfo [name: default]
2025-03-13 00:19:40.468  INFO 7408 --- [main] org.hibernate.Version                    : HHH000412: Hibernate ORM core version 5.6.1.Final
2025-03-13 00:19:40.613  INFO 7408 --- [main] o.hibernate.annotations.common.Version   : HCANN000001: Hibernate Commons Annotations {5.1.2.Final}
2025-03-13 00:19:40.686  INFO 7408 --- [main] com.zaxxer.hikari.HikariDataSource       : HikariPool-1 - Starting...
2025-03-13 00:19:40.825  INFO 7408 --- [main] com.zaxxer.hikari.HikariDataSource       : HikariPool-1 - Start completed.
2025-03-13 00:19:40.842  INFO 7408 --- [main] org.hibernate.dialect.Dialect            : HHH000400: Using dialect: org.hibernate.dialect.MySQL5InnoDBDialect
2025-03-13 00:19:41.750  INFO 7408 --- [main] o.h.e.t.j.p.i.JtaPlatformInitiator       : HHH000490: Using JtaPlatform implementation: [org.hibernate.engine.transaction.jta.platform.internal.NoJtaPlatform]
2025-03-13 00:19:41.757  INFO 7408 --- [main] j.LocalContainerEntityManagerFactoryBean : Initialized JPA EntityManagerFactory for persistence unit 'default'
2025-03-13 00:19:42.356  INFO 7408 --- [main] o.s.s.web.DefaultSecurityFilterChain     : Will secure any request with [org.springframework.security.web.context.request.async.WebAsyncManagerIntegrationFilter@7bd7c4cf, org.springframework.security.web.context.SecurityContextPersistenceFilter@46051269, org.springframework.security.web.header.HeaderWriterFilter@752ffce3, org.springframework.web.filter.CorsFilter@5b9df3b3, org.springframework.security.web.authentication.logout.LogoutFilter@40d04cf8, com.pos_main.Service.Utils.JwtCustomFilter@4ba1f425, org.springframework.security.web.savedrequest.RequestCacheAwareFilter@5b5a89d1, org.springframework.security.web.servletapi.SecurityContextHolderAwareRequestFilter@4803bf73, org.springframework.security.web.authentication.AnonymousAuthenticationFilter@67b20b4c, org.springframework.security.web.session.SessionManagementFilter@4e826fd4, org.springframework.security.web.access.ExceptionTranslationFilter@180e33b0, org.springframework.security.web.access.intercept.AuthorizationFilter@3810806c]
2025-03-13 00:19:42.545  INFO 7408 --- [main] o.s.b.w.embedded.tomcat.TomcatWebServer  : Tomcat started on port(s): 8080 (http) with context path ''
2025-03-13 00:19:42.552  INFO 7408 --- [main] com.pos_main.PosMainApplication          : Started PosMainApplication in 6.461 seconds (JVM running for 13.82)
2025-03-13 00:20:04.222  INFO 7408 --- [RMI TCP Connection(2)-127.0.0.1] inMXBeanRegistrar$SpringApplicationAdmin : Application shutdown requested.
2025-03-13 00:20:04.237  INFO 7408 --- [RMI TCP Connection(2)-127.0.0.1] j.LocalContainerEntityManagerFactoryBean : Closing JPA EntityManagerFactory for persistence unit 'default'
2025-03-13 00:20:04.239  INFO 7408 --- [RMI TCP Connection(2)-127.0.0.1] com.zaxxer.hikari.HikariDataSource       : HikariPool-1 - Shutdown initiated...
2025-03-13 00:20:04.247  INFO 7408 --- [RMI TCP Connection(2)-127.0.0.1] com.zaxxer.hikari.HikariDataSource       : HikariPool-1 - Shutdown completed.
2025-03-13 00:20:05.665  INFO 4876 --- [main] com.pos_main.PosMainApplication          : Starting PosMainApplication using Java 21.0.5 on SK_BAVI18 with PID 4876 (D:\delta_pos_be\target\classes started by skbav in D:\delta_pos_be)
2025-03-13 00:20:05.666  INFO 4876 --- [main] com.pos_main.PosMainApplication          : The following profiles are active: dev
2025-03-13 00:20:06.139  INFO 4876 --- [main] .s.d.r.c.RepositoryConfigurationDelegate : Bootstrapping Spring Data JPA repositories in DEFAULT mode.
2025-03-13 00:20:06.158  INFO 4876 --- [main] .s.d.r.c.RepositoryConfigurationDelegate : Finished Spring Data repository scanning in 13 ms. Found 0 JPA repository interfaces.
2025-03-13 00:20:06.489  INFO 4876 --- [main] o.s.b.w.embedded.tomcat.TomcatWebServer  : Tomcat initialized with port(s): 8080 (http)
2025-03-13 00:20:06.495  INFO 4876 --- [main] o.apache.catalina.core.StandardService   : Starting service [Tomcat]
2025-03-13 00:20:06.496  INFO 4876 --- [main] org.apache.catalina.core.StandardEngine  : Starting Servlet engine: [Apache Tomcat/9.0.55]
2025-03-13 00:20:06.550  INFO 4876 --- [main] o.a.c.c.C.[Tomcat].[localhost].[/]       : Initializing Spring embedded WebApplicationContext
2025-03-13 00:20:06.550  INFO 4876 --- [main] w.s.c.ServletWebServerApplicationContext : Root WebApplicationContext: initialization completed in 854 ms
2025-03-13 00:20:06.659  INFO 4876 --- [main] o.hibernate.jpa.internal.util.LogHelper  : HHH000204: Processing PersistenceUnitInfo [name: default]
2025-03-13 00:20:06.687  INFO 4876 --- [main] org.hibernate.Version                    : HHH000412: Hibernate ORM core version 5.6.1.Final
2025-03-13 00:20:06.796  INFO 4876 --- [main] o.hibernate.annotations.common.Version   : HCANN000001: Hibernate Commons Annotations {5.1.2.Final}
2025-03-13 00:20:06.852  INFO 4876 --- [main] com.zaxxer.hikari.HikariDataSource       : HikariPool-1 - Starting...
2025-03-13 00:20:06.953  INFO 4876 --- [main] com.zaxxer.hikari.HikariDataSource       : HikariPool-1 - Start completed.
2025-03-13 00:20:06.961  INFO 4876 --- [main] org.hibernate.dialect.Dialect            : HHH000400: Using dialect: org.hibernate.dialect.MySQL5InnoDBDialect
2025-03-13 00:20:07.574  INFO 4876 --- [main] o.h.e.t.j.p.i.JtaPlatformInitiator       : HHH000490: Using JtaPlatform implementation: [org.hibernate.engine.transaction.jta.platform.internal.NoJtaPlatform]
2025-03-13 00:20:07.579  INFO 4876 --- [main] j.LocalContainerEntityManagerFactoryBean : Initialized JPA EntityManagerFactory for persistence unit 'default'
2025-03-13 00:20:08.086  INFO 4876 --- [main] o.s.s.web.DefaultSecurityFilterChain     : Will secure any request with [org.springframework.security.web.context.request.async.WebAsyncManagerIntegrationFilter@2cd877d3, org.springframework.security.web.context.SecurityContextPersistenceFilter@b814e23, org.springframework.security.web.header.HeaderWriterFilter@78b2d29e, org.springframework.web.filter.CorsFilter@3d605657, org.springframework.security.web.authentication.logout.LogoutFilter@57fec63f, com.pos_main.Service.Utils.JwtCustomFilter@5ca7619f, org.springframework.security.web.savedrequest.RequestCacheAwareFilter@7d7c05fa, org.springframework.security.web.servletapi.SecurityContextHolderAwareRequestFilter@7c4a5ef2, org.springframework.security.web.authentication.AnonymousAuthenticationFilter@73b10975, org.springframework.security.web.session.SessionManagementFilter@261099e1, org.springframework.security.web.access.ExceptionTranslationFilter@288b8663, org.springframework.security.web.access.intercept.AuthorizationFilter@46610fc9]
2025-03-13 00:20:08.275  INFO 4876 --- [main] o.s.b.w.embedded.tomcat.TomcatWebServer  : Tomcat started on port(s): 8080 (http) with context path ''
2025-03-13 00:20:08.281  INFO 4876 --- [main] com.pos_main.PosMainApplication          : Started PosMainApplication in 2.885 seconds (JVM running for 3.329)
2025-03-13 00:20:46.155  INFO 4876 --- [http-nio-8080-exec-2] o.a.c.c.C.[Tomcat].[localhost].[/]       : Initializing Spring DispatcherServlet 'dispatcherServlet'
2025-03-13 00:20:46.156  INFO 4876 --- [http-nio-8080-exec-2] o.s.web.servlet.DispatcherServlet        : Initializing Servlet 'dispatcherServlet'
2025-03-13 00:20:46.163  INFO 4876 --- [http-nio-8080-exec-2] o.s.web.servlet.DispatcherServlet        : Completed initialization in 7 ms
2025-03-13 00:20:46.196  INFO 4876 --- [http-nio-8080-exec-2] c.p.Service.Utils.JwtCustomFilter        : request enter the custom filter
2025-03-13 00:20:46.329  INFO 4876 --- [http-nio-8080-exec-2] com.pos_main.Controller.UserController   : UserController.getUserByName() invoked
2025-03-13 00:20:46.336  INFO 4876 --- [http-nio-8080-exec-2] c.pos_main.ServiceImpl.UserServiceImpl   : UserServiceImpl.login().invoked
2025-03-13 00:20:46.336  INFO 4876 --- [http-nio-8080-exec-2] com.pos_main.Service.BL.UserServiceBL    : UserServiceBL.login() invoked
2025-03-13 00:20:46.529  INFO 4876 --- [http-nio-8080-exec-2] c.p.ServiceImpl.UserDetailsServiceImpl   : UserDetailsImpl.loadUserByUsername() invoked with username :lathusanthurairajah@codearson.com
2025-03-13 00:20:46.529  INFO 4876 --- [http-nio-8080-exec-2] com.pos_main.Service.BL.UserServiceBL    : UserServiceBL.getUserByUserName() invoked
2025-03-13 00:20:46.541  WARN 4876 --- [http-nio-8080-exec-2] org.hibernate.orm.deprecation            : HHH90000022: Hibernate's legacy org.hibernate.Criteria API is deprecated; use the JPA javax.persistence.criteria.CriteriaQuery instead
2025-03-13 00:22:02.546  INFO 4876 --- [http-nio-8080-exec-5] c.p.Service.Utils.JwtCustomFilter        : request enter the custom filter
2025-03-13 00:22:02.595  INFO 4876 --- [http-nio-8080-exec-5] c.p.ServiceImpl.UserDetailsServiceImpl   : UserDetailsImpl.loadUserByUsername() invoked with username :lathusanthurairajah@codearson.com
2025-03-13 00:22:02.596  INFO 4876 --- [http-nio-8080-exec-5] com.pos_main.Service.BL.UserServiceBL    : UserServiceBL.getUserByUserName() invoked
2025-03-13 00:22:02.596  WARN 4876 --- [http-nio-8080-exec-5] org.hibernate.orm.deprecation            : HHH90000022: Hibernate's legacy org.hibernate.Criteria API is deprecated; use the JPA javax.persistence.criteria.CriteriaQuery instead
2025-03-13 00:22:02.675  INFO 4876 --- [http-nio-8080-exec-5] c.p.Controller.TransactionController     : TransactionController.save() invoked
2025-03-13 00:22:02.698  INFO 4876 --- [http-nio-8080-exec-5] c.p.ServiceImpl.TransactionServiceImpl   : TransactionServiceImpl.save() invoked
2025-03-13 00:22:02.699  INFO 4876 --- [http-nio-8080-exec-5] c.p.Service.BL.TransactionServiceBL      : TransactionServiceBL.save() invoked.
2025-03-13 00:22:02.707  WARN 4876 --- [http-nio-8080-exec-5] org.hibernate.orm.deprecation            : HHH90000022: Hibernate's legacy org.hibernate.Criteria API is deprecated; use the JPA javax.persistence.criteria.CriteriaQuery instead
2025-03-13 00:22:02.719  INFO 4876 --- [http-nio-8080-exec-5] com.pos_main.DaoImpl.ProductDaoImpl      : ProductDaoImpl.updateProduct() invoked.
2025-03-13 00:22:02.788  WARN 4876 --- [http-nio-8080-exec-5] org.hibernate.orm.deprecation            : HHH90000022: Hibernate's legacy org.hibernate.Criteria API is deprecated; use the JPA javax.persistence.criteria.CriteriaQuery instead
2025-03-13 00:22:02.795  INFO 4876 --- [http-nio-8080-exec-5] c.p.Service.BL.TransactionServiceBL      : Not enough stock for productId: 2
2025-03-13 00:22:02.805 ERROR 4876 --- [http-nio-8080-exec-5] c.p.ServiceImpl.TransactionServiceImpl   : Exception occurs while saving transaction details.

java.lang.IllegalArgumentException: Insufficient stock for product ID: 2
	at com.pos_main.Service.BL.TransactionServiceBL.save(TransactionServiceBL.java:100) ~[classes/:na]
	at com.pos_main.ServiceImpl.TransactionServiceImpl.save(TransactionServiceImpl.java:180) ~[classes/:na]
	at com.pos_main.ServiceImpl.TransactionServiceImpl$$FastClassBySpringCGLIB$$4cc9ed0d.invoke(<generated>) ~[classes/:na]
	at org.springframework.cglib.proxy.MethodProxy.invoke(MethodProxy.java:218) ~[spring-core-5.3.13.jar:5.3.13]
	at org.springframework.aop.framework.CglibAopProxy$DynamicAdvisedInterceptor.intercept(CglibAopProxy.java:689) ~[spring-aop-5.3.13.jar:5.3.13]
	at com.pos_main.ServiceImpl.TransactionServiceImpl$$EnhancerBySpringCGLIB$$8d7f448a.save(<generated>) ~[classes/:na]
	at com.pos_main.Controller.TransactionController.save(TransactionController.java:85) ~[classes/:na]
	at com.pos_main.Controller.TransactionController$$FastClassBySpringCGLIB$$a8da2405.invoke(<generated>) ~[classes/:na]
	at org.springframework.cglib.proxy.MethodProxy.invoke(MethodProxy.java:218) ~[spring-core-5.3.13.jar:5.3.13]
	at org.springframework.aop.framework.CglibAopProxy$CglibMethodInvocation.invokeJoinpoint(CglibAopProxy.java:783) ~[spring-aop-5.3.13.jar:5.3.13]
	at org.springframework.aop.framework.ReflectiveMethodInvocation.proceed(ReflectiveMethodInvocation.java:163) ~[spring-aop-5.3.13.jar:5.3.13]
	at org.springframework.aop.framework.CglibAopProxy$CglibMethodInvocation.proceed(CglibAopProxy.java:753) ~[spring-aop-5.3.13.jar:5.3.13]
	at org.springframework.security.authorization.method.AuthorizationManagerBeforeMethodInterceptor.invoke(AuthorizationManagerBeforeMethodInterceptor.java:159) ~[spring-security-core-5.6.0.jar:5.6.0]
	at org.springframework.aop.framework.ReflectiveMethodInvocation.proceed(ReflectiveMethodInvocation.java:186) ~[spring-aop-5.3.13.jar:5.3.13]
	at org.springframework.aop.framework.CglibAopProxy$CglibMethodInvocation.proceed(CglibAopProxy.java:753) ~[spring-aop-5.3.13.jar:5.3.13]
	at org.springframework.aop.framework.CglibAopProxy$DynamicAdvisedInterceptor.intercept(CglibAopProxy.java:698) ~[spring-aop-5.3.13.jar:5.3.13]
	at com.pos_main.Controller.TransactionController$$EnhancerBySpringCGLIB$$36c0ea58.save(<generated>) ~[classes/:na]
	at java.base/jdk.internal.reflect.DirectMethodHandleAccessor.invoke(DirectMethodHandleAccessor.java:103) ~[na:na]
	at java.base/java.lang.reflect.Method.invoke(Method.java:580) ~[na:na]
	at org.springframework.web.method.support.InvocableHandlerMethod.doInvoke(InvocableHandlerMethod.java:205) ~[spring-web-5.3.13.jar:5.3.13]
	at org.springframework.web.method.support.InvocableHandlerMethod.invokeForRequest(InvocableHandlerMethod.java:150) ~[spring-web-5.3.13.jar:5.3.13]
	at org.springframework.web.servlet.mvc.method.annotation.ServletInvocableHandlerMethod.invokeAndHandle(ServletInvocableHandlerMethod.java:117) ~[spring-webmvc-5.3.13.jar:5.3.13]
	at org.springframework.web.servlet.mvc.method.annotation.RequestMappingHandlerAdapter.invokeHandlerMethod(RequestMappingHandlerAdapter.java:895) ~[spring-webmvc-5.3.13.jar:5.3.13]
	at org.springframework.web.servlet.mvc.method.annotation.RequestMappingHandlerAdapter.handleInternal(RequestMappingHandlerAdapter.java:808) ~[spring-webmvc-5.3.13.jar:5.3.13]
	at org.springframework.web.servlet.mvc.method.AbstractHandlerMethodAdapter.handle(AbstractHandlerMethodAdapter.java:87) ~[spring-webmvc-5.3.13.jar:5.3.13]
	at org.springframework.web.servlet.DispatcherServlet.doDispatch(DispatcherServlet.java:1067) ~[spring-webmvc-5.3.13.jar:5.3.13]
	at org.springframework.web.servlet.DispatcherServlet.doService(DispatcherServlet.java:963) ~[spring-webmvc-5.3.13.jar:5.3.13]
	at org.springframework.web.servlet.FrameworkServlet.processRequest(FrameworkServlet.java:1006) ~[spring-webmvc-5.3.13.jar:5.3.13]
	at org.springframework.web.servlet.FrameworkServlet.doPost(FrameworkServlet.java:909) ~[spring-webmvc-5.3.13.jar:5.3.13]
	at javax.servlet.http.HttpServlet.service(HttpServlet.java:681) ~[tomcat-embed-core-9.0.55.jar:4.0.FR]
	at org.springframework.web.servlet.FrameworkServlet.service(FrameworkServlet.java:883) ~[spring-webmvc-5.3.13.jar:5.3.13]
	at javax.servlet.http.HttpServlet.service(HttpServlet.java:764) ~[tomcat-embed-core-9.0.55.jar:4.0.FR]
	at org.apache.catalina.core.ApplicationFilterChain.internalDoFilter(ApplicationFilterChain.java:227) ~[tomcat-embed-core-9.0.55.jar:9.0.55]
	at org.apache.catalina.core.ApplicationFilterChain.doFilter(ApplicationFilterChain.java:162) ~[tomcat-embed-core-9.0.55.jar:9.0.55]
	at org.apache.tomcat.websocket.server.WsFilter.doFilter(WsFilter.java:53) ~[tomcat-embed-websocket-9.0.55.jar:9.0.55]
	at org.apache.catalina.core.ApplicationFilterChain.internalDoFilter(ApplicationFilterChain.java:189) ~[tomcat-embed-core-9.0.55.jar:9.0.55]
	at org.apache.catalina.core.ApplicationFilterChain.doFilter(ApplicationFilterChain.java:162) ~[tomcat-embed-core-9.0.55.jar:9.0.55]
	at org.springframework.web.filter.OncePerRequestFilter.doFilter(OncePerRequestFilter.java:113) ~[spring-web-5.3.13.jar:5.3.13]
	at org.apache.catalina.core.ApplicationFilterChain.internalDoFilter(ApplicationFilterChain.java:189) ~[tomcat-embed-core-9.0.55.jar:9.0.55]
	at org.apache.catalina.core.ApplicationFilterChain.doFilter(ApplicationFilterChain.java:162) ~[tomcat-embed-core-9.0.55.jar:9.0.55]
	at org.springframework.security.web.FilterChainProxy$VirtualFilterChain.doFilter(FilterChainProxy.java:327) ~[spring-security-web-5.6.0.jar:5.6.0]
	at org.springframework.security.web.access.intercept.AuthorizationFilter.doFilterInternal(AuthorizationFilter.java:58) ~[spring-security-web-5.6.0.jar:5.6.0]
	at org.springframework.web.filter.OncePerRequestFilter.doFilter(OncePerRequestFilter.java:119) ~[spring-web-5.3.13.jar:5.3.13]
	at org.springframework.security.web.FilterChainProxy$VirtualFilterChain.doFilter(FilterChainProxy.java:336) ~[spring-security-web-5.6.0.jar:5.6.0]
	at org.springframework.security.web.access.ExceptionTranslationFilter.doFilter(ExceptionTranslationFilter.java:122) ~[spring-security-web-5.6.0.jar:5.6.0]
	at org.springframework.security.web.access.ExceptionTranslationFilter.doFilter(ExceptionTranslationFilter.java:116) ~[spring-security-web-5.6.0.jar:5.6.0]
	at org.springframework.security.web.FilterChainProxy$VirtualFilterChain.doFilter(FilterChainProxy.java:336) ~[spring-security-web-5.6.0.jar:5.6.0]
	at org.springframework.security.web.session.SessionManagementFilter.doFilter(SessionManagementFilter.java:126) ~[spring-security-web-5.6.0.jar:5.6.0]
	at org.springframework.security.web.session.SessionManagementFilter.doFilter(SessionManagementFilter.java:81) ~[spring-security-web-5.6.0.jar:5.6.0]
	at org.springframework.security.web.FilterChainProxy$VirtualFilterChain.doFilter(FilterChainProxy.java:336) ~[spring-security-web-5.6.0.jar:5.6.0]
	at org.springframework.security.web.authentication.AnonymousAuthenticationFilter.doFilter(AnonymousAuthenticationFilter.java:109) ~[spring-security-web-5.6.0.jar:5.6.0]
	at org.springframework.security.web.FilterChainProxy$VirtualFilterChain.doFilter(FilterChainProxy.java:336) ~[spring-security-web-5.6.0.jar:5.6.0]
	at org.springframework.security.web.servletapi.SecurityContextHolderAwareRequestFilter.doFilter(SecurityContextHolderAwareRequestFilter.java:149) ~[spring-security-web-5.6.0.jar:5.6.0]
	at org.springframework.security.web.FilterChainProxy$VirtualFilterChain.doFilter(FilterChainProxy.java:336) ~[spring-security-web-5.6.0.jar:5.6.0]
	at org.springframework.security.web.savedrequest.RequestCacheAwareFilter.doFilter(RequestCacheAwareFilter.java:63) ~[spring-security-web-5.6.0.jar:5.6.0]
	at org.springframework.security.web.FilterChainProxy$VirtualFilterChain.doFilter(FilterChainProxy.java:336) ~[spring-security-web-5.6.0.jar:5.6.0]
	at com.pos_main.Service.Utils.JwtCustomFilter.doFilterInternal(JwtCustomFilter.java:65) ~[classes/:na]
	at org.springframework.web.filter.OncePerRequestFilter.doFilter(OncePerRequestFilter.java:119) ~[spring-web-5.3.13.jar:5.3.13]
	at org.springframework.security.web.FilterChainProxy$VirtualFilterChain.doFilter(FilterChainProxy.java:336) ~[spring-security-web-5.6.0.jar:5.6.0]
	at org.springframework.security.web.authentication.logout.LogoutFilter.doFilter(LogoutFilter.java:103) ~[spring-security-web-5.6.0.jar:5.6.0]
	at org.springframework.security.web.authentication.logout.LogoutFilter.doFilter(LogoutFilter.java:89) ~[spring-security-web-5.6.0.jar:5.6.0]
	at org.springframework.security.web.FilterChainProxy$VirtualFilterChain.doFilter(FilterChainProxy.java:336) ~[spring-security-web-5.6.0.jar:5.6.0]
	at org.springframework.web.filter.CorsFilter.doFilterInternal(CorsFilter.java:91) ~[spring-web-5.3.13.jar:5.3.13]
	at org.springframework.web.filter.OncePerRequestFilter.doFilter(OncePerRequestFilter.java:119) ~[spring-web-5.3.13.jar:5.3.13]
	at org.springframework.security.web.FilterChainProxy$VirtualFilterChain.doFilter(FilterChainProxy.java:336) ~[spring-security-web-5.6.0.jar:5.6.0]
	at org.springframework.security.web.header.HeaderWriterFilter.doHeadersAfter(HeaderWriterFilter.java:90) ~[spring-security-web-5.6.0.jar:5.6.0]
	at org.springframework.security.web.header.HeaderWriterFilter.doFilterInternal(HeaderWriterFilter.java:75) ~[spring-security-web-5.6.0.jar:5.6.0]
	at org.springframework.web.filter.OncePerRequestFilter.doFilter(OncePerRequestFilter.java:119) ~[spring-web-5.3.13.jar:5.3.13]
	at org.springframework.security.web.FilterChainProxy$VirtualFilterChain.doFilter(FilterChainProxy.java:336) ~[spring-security-web-5.6.0.jar:5.6.0]
	at org.springframework.security.web.context.SecurityContextPersistenceFilter.doFilter(SecurityContextPersistenceFilter.java:110) ~[spring-security-web-5.6.0.jar:5.6.0]
	at org.springframework.security.web.context.SecurityContextPersistenceFilter.doFilter(SecurityContextPersistenceFilter.java:80) ~[spring-security-web-5.6.0.jar:5.6.0]
	at org.springframework.security.web.FilterChainProxy$VirtualFilterChain.doFilter(FilterChainProxy.java:336) ~[spring-security-web-5.6.0.jar:5.6.0]
	at org.springframework.security.web.context.request.async.WebAsyncManagerIntegrationFilter.doFilterInternal(WebAsyncManagerIntegrationFilter.java:55) ~[spring-security-web-5.6.0.jar:5.6.0]
	at org.springframework.web.filter.OncePerRequestFilter.doFilter(OncePerRequestFilter.java:119) ~[spring-web-5.3.13.jar:5.3.13]
	at org.springframework.security.web.FilterChainProxy$VirtualFilterChain.doFilter(FilterChainProxy.java:336) ~[spring-security-web-5.6.0.jar:5.6.0]
	at org.springframework.security.web.FilterChainProxy.doFilterInternal(FilterChainProxy.java:211) ~[spring-security-web-5.6.0.jar:5.6.0]
	at org.springframework.security.web.FilterChainProxy.doFilter(FilterChainProxy.java:183) ~[spring-security-web-5.6.0.jar:5.6.0]
	at org.springframework.web.filter.DelegatingFilterProxy.invokeDelegate(DelegatingFilterProxy.java:358) ~[spring-web-5.3.13.jar:5.3.13]
	at org.springframework.web.filter.DelegatingFilterProxy.doFilter(DelegatingFilterProxy.java:271) ~[spring-web-5.3.13.jar:5.3.13]
	at org.apache.catalina.core.ApplicationFilterChain.internalDoFilter(ApplicationFilterChain.java:189) ~[tomcat-embed-core-9.0.55.jar:9.0.55]
	at org.apache.catalina.core.ApplicationFilterChain.doFilter(ApplicationFilterChain.java:162) ~[tomcat-embed-core-9.0.55.jar:9.0.55]
	at org.springframework.web.filter.RequestContextFilter.doFilterInternal(RequestContextFilter.java:100) ~[spring-web-5.3.13.jar:5.3.13]
	at org.springframework.web.filter.OncePerRequestFilter.doFilter(OncePerRequestFilter.java:119) ~[spring-web-5.3.13.jar:5.3.13]
	at org.apache.catalina.core.ApplicationFilterChain.internalDoFilter(ApplicationFilterChain.java:189) ~[tomcat-embed-core-9.0.55.jar:9.0.55]
	at org.apache.catalina.core.ApplicationFilterChain.doFilter(ApplicationFilterChain.java:162) ~[tomcat-embed-core-9.0.55.jar:9.0.55]
	at org.springframework.web.filter.FormContentFilter.doFilterInternal(FormContentFilter.java:93) ~[spring-web-5.3.13.jar:5.3.13]
	at org.springframework.web.filter.OncePerRequestFilter.doFilter(OncePerRequestFilter.java:119) ~[spring-web-5.3.13.jar:5.3.13]
	at org.apache.catalina.core.ApplicationFilterChain.internalDoFilter(ApplicationFilterChain.java:189) ~[tomcat-embed-core-9.0.55.jar:9.0.55]
	at org.apache.catalina.core.ApplicationFilterChain.doFilter(ApplicationFilterChain.java:162) ~[tomcat-embed-core-9.0.55.jar:9.0.55]
	at org.springframework.web.filter.CharacterEncodingFilter.doFilterInternal(CharacterEncodingFilter.java:201) ~[spring-web-5.3.13.jar:5.3.13]
	at org.springframework.web.filter.OncePerRequestFilter.doFilter(OncePerRequestFilter.java:119) ~[spring-web-5.3.13.jar:5.3.13]
	at org.apache.catalina.core.ApplicationFilterChain.internalDoFilter(ApplicationFilterChain.java:189) ~[tomcat-embed-core-9.0.55.jar:9.0.55]
	at org.apache.catalina.core.ApplicationFilterChain.doFilter(ApplicationFilterChain.java:162) ~[tomcat-embed-core-9.0.55.jar:9.0.55]
	at org.apache.catalina.core.StandardWrapperValve.invoke(StandardWrapperValve.java:197) ~[tomcat-embed-core-9.0.55.jar:9.0.55]
	at org.apache.catalina.core.StandardContextValve.invoke(StandardContextValve.java:97) ~[tomcat-embed-core-9.0.55.jar:9.0.55]
	at org.apache.catalina.authenticator.AuthenticatorBase.invoke(AuthenticatorBase.java:540) ~[tomcat-embed-core-9.0.55.jar:9.0.55]
	at org.apache.catalina.core.StandardHostValve.invoke(StandardHostValve.java:135) ~[tomcat-embed-core-9.0.55.jar:9.0.55]
	at org.apache.catalina.valves.ErrorReportValve.invoke(ErrorReportValve.java:92) ~[tomcat-embed-core-9.0.55.jar:9.0.55]
	at org.apache.catalina.core.StandardEngineValve.invoke(StandardEngineValve.java:78) ~[tomcat-embed-core-9.0.55.jar:9.0.55]
	at org.apache.catalina.connector.CoyoteAdapter.service(CoyoteAdapter.java:357) ~[tomcat-embed-core-9.0.55.jar:9.0.55]
	at org.apache.coyote.http11.Http11Processor.service(Http11Processor.java:382) ~[tomcat-embed-core-9.0.55.jar:9.0.55]
	at org.apache.coyote.AbstractProcessorLight.process(AbstractProcessorLight.java:65) ~[tomcat-embed-core-9.0.55.jar:9.0.55]
	at org.apache.coyote.AbstractProtocol$ConnectionHandler.process(AbstractProtocol.java:895) ~[tomcat-embed-core-9.0.55.jar:9.0.55]
	at org.apache.tomcat.util.net.NioEndpoint$SocketProcessor.doRun(NioEndpoint.java:1722) ~[tomcat-embed-core-9.0.55.jar:9.0.55]
	at org.apache.tomcat.util.net.SocketProcessorBase.run(SocketProcessorBase.java:49) ~[tomcat-embed-core-9.0.55.jar:9.0.55]
	at org.apache.tomcat.util.threads.ThreadPoolExecutor.runWorker(ThreadPoolExecutor.java:1191) ~[tomcat-embed-core-9.0.55.jar:9.0.55]
	at org.apache.tomcat.util.threads.ThreadPoolExecutor$Worker.run(ThreadPoolExecutor.java:659) ~[tomcat-embed-core-9.0.55.jar:9.0.55]
	at org.apache.tomcat.util.threads.TaskThread$WrappingRunnable.run(TaskThread.java:61) ~[tomcat-embed-core-9.0.55.jar:9.0.55]
	at java.base/java.lang.Thread.run(Thread.java:1583) ~[na:na]

2025-03-13 00:22:49.872  INFO 4876 --- [http-nio-8080-exec-6] c.p.Service.Utils.JwtCustomFilter        : request enter the custom filter
2025-03-13 00:22:49.878  INFO 4876 --- [http-nio-8080-exec-6] c.p.ServiceImpl.UserDetailsServiceImpl   : UserDetailsImpl.loadUserByUsername() invoked with username :lathusanthurairajah@codearson.com
2025-03-13 00:22:49.879  INFO 4876 --- [http-nio-8080-exec-6] com.pos_main.Service.BL.UserServiceBL    : UserServiceBL.getUserByUserName() invoked
2025-03-13 00:22:49.879  WARN 4876 --- [http-nio-8080-exec-6] org.hibernate.orm.deprecation            : HHH90000022: Hibernate's legacy org.hibernate.Criteria API is deprecated; use the JPA javax.persistence.criteria.CriteriaQuery instead
2025-03-13 00:22:49.896  INFO 4876 --- [http-nio-8080-exec-6] c.p.Controller.TransactionController     : TransactionController.save() invoked
2025-03-13 00:22:49.896  INFO 4876 --- [http-nio-8080-exec-6] c.p.ServiceImpl.TransactionServiceImpl   : TransactionServiceImpl.save() invoked
2025-03-13 00:22:49.896  INFO 4876 --- [http-nio-8080-exec-6] c.p.Service.BL.TransactionServiceBL      : TransactionServiceBL.save() invoked.
2025-03-13 00:22:49.896  WARN 4876 --- [http-nio-8080-exec-6] org.hibernate.orm.deprecation            : HHH90000022: Hibernate's legacy org.hibernate.Criteria API is deprecated; use the JPA javax.persistence.criteria.CriteriaQuery instead
2025-03-13 00:22:49.902  INFO 4876 --- [http-nio-8080-exec-6] com.pos_main.DaoImpl.ProductDaoImpl      : ProductDaoImpl.updateProduct() invoked.
2025-03-13 00:22:49.918  WARN 4876 --- [http-nio-8080-exec-6] org.hibernate.orm.deprecation            : HHH90000022: Hibernate's legacy org.hibernate.Criteria API is deprecated; use the JPA javax.persistence.criteria.CriteriaQuery instead
2025-03-13 00:22:49.923  INFO 4876 --- [http-nio-8080-exec-6] com.pos_main.DaoImpl.ProductDaoImpl      : ProductDaoImpl.updateProduct() invoked.
2025-03-13 00:22:49.942  INFO 4876 --- [http-nio-8080-exec-6] com.pos_main.DaoImpl.TransactionDaoImpl  : TransactionDaoImpl.save() invoked.
2025-03-13 00:22:50.077  INFO 4876 --- [http-nio-8080-exec-6] c.p.ServiceImpl.TransactionServiceImpl   : Transaction details saved.
2025-03-13 00:25:34.204  INFO 4876 --- [RMI TCP Connection(14)-127.0.0.1] inMXBeanRegistrar$SpringApplicationAdmin : Application shutdown requested.
2025-03-13 00:25:34.313  INFO 4876 --- [RMI TCP Connection(14)-127.0.0.1] j.LocalContainerEntityManagerFactoryBean : Closing JPA EntityManagerFactory for persistence unit 'default'
2025-03-13 00:25:34.329  INFO 4876 --- [RMI TCP Connection(14)-127.0.0.1] com.zaxxer.hikari.HikariDataSource       : HikariPool-1 - Shutdown initiated...
2025-03-13 00:25:34.332  INFO 4876 --- [RMI TCP Connection(14)-127.0.0.1] com.zaxxer.hikari.HikariDataSource       : HikariPool-1 - Shutdown completed.
2025-03-13 00:25:36.114  INFO 18076 --- [main] com.pos_main.PosMainApplication          : Starting PosMainApplication using Java 21.0.5 on SK_BAVI18 with PID 18076 (D:\delta_pos_be\target\classes started by skbav in D:\delta_pos_be)
2025-03-13 00:25:36.116  INFO 18076 --- [main] com.pos_main.PosMainApplication          : The following profiles are active: dev
2025-03-13 00:25:36.780  INFO 18076 --- [main] .s.d.r.c.RepositoryConfigurationDelegate : Bootstrapping Spring Data JPA repositories in DEFAULT mode.
2025-03-13 00:25:36.804  INFO 18076 --- [main] .s.d.r.c.RepositoryConfigurationDelegate : Finished Spring Data repository scanning in 16 ms. Found 0 JPA repository interfaces.
2025-03-13 00:25:37.285  INFO 18076 --- [main] o.s.b.w.embedded.tomcat.TomcatWebServer  : Tomcat initialized with port(s): 8080 (http)
2025-03-13 00:25:37.297  INFO 18076 --- [main] o.apache.catalina.core.StandardService   : Starting service [Tomcat]
2025-03-13 00:25:37.297  INFO 18076 --- [main] org.apache.catalina.core.StandardEngine  : Starting Servlet engine: [Apache Tomcat/9.0.55]
2025-03-13 00:25:37.366  INFO 18076 --- [main] o.a.c.c.C.[Tomcat].[localhost].[/]       : Initializing Spring embedded WebApplicationContext
2025-03-13 00:25:37.367  INFO 18076 --- [main] w.s.c.ServletWebServerApplicationContext : Root WebApplicationContext: initialization completed in 1207 ms
2025-03-13 00:25:37.511  INFO 18076 --- [main] o.hibernate.jpa.internal.util.LogHelper  : HHH000204: Processing PersistenceUnitInfo [name: default]
2025-03-13 00:25:37.569  INFO 18076 --- [main] org.hibernate.Version                    : HHH000412: Hibernate ORM core version 5.6.1.Final
2025-03-13 00:25:37.741  INFO 18076 --- [main] o.hibernate.annotations.common.Version   : HCANN000001: Hibernate Commons Annotations {5.1.2.Final}
2025-03-13 00:25:37.819  INFO 18076 --- [main] com.zaxxer.hikari.HikariDataSource       : HikariPool-1 - Starting...
2025-03-13 00:25:37.974  INFO 18076 --- [main] com.zaxxer.hikari.HikariDataSource       : HikariPool-1 - Start completed.
2025-03-13 00:25:37.993  INFO 18076 --- [main] org.hibernate.dialect.Dialect            : HHH000400: Using dialect: org.hibernate.dialect.MySQL5InnoDBDialect
2025-03-13 00:25:38.795  INFO 18076 --- [main] o.h.e.t.j.p.i.JtaPlatformInitiator       : HHH000490: Using JtaPlatform implementation: [org.hibernate.engine.transaction.jta.platform.internal.NoJtaPlatform]
2025-03-13 00:25:38.801  INFO 18076 --- [main] j.LocalContainerEntityManagerFactoryBean : Initialized JPA EntityManagerFactory for persistence unit 'default'
2025-03-13 00:25:39.491  INFO 18076 --- [main] o.s.s.web.DefaultSecurityFilterChain     : Will secure any request with [org.springframework.security.web.context.request.async.WebAsyncManagerIntegrationFilter@4889fbba, org.springframework.security.web.context.SecurityContextPersistenceFilter@3331800f, org.springframework.security.web.header.HeaderWriterFilter@46051269, org.springframework.web.filter.CorsFilter@6018d82c, org.springframework.security.web.authentication.logout.LogoutFilter@41f5389f, com.pos_main.Service.Utils.JwtCustomFilter@5b71af0d, org.springframework.security.web.savedrequest.RequestCacheAwareFilter@4edd8a0a, org.springframework.security.web.servletapi.SecurityContextHolderAwareRequestFilter@257d3968, org.springframework.security.web.authentication.AnonymousAuthenticationFilter@572db5ee, org.springframework.security.web.session.SessionManagementFilter@58835bba, org.springframework.security.web.access.ExceptionTranslationFilter@4e826fd4, org.springframework.security.web.access.intercept.AuthorizationFilter@6c9b6332]
2025-03-13 00:25:39.716  INFO 18076 --- [main] o.s.b.w.embedded.tomcat.TomcatWebServer  : Tomcat started on port(s): 8080 (http) with context path ''
2025-03-13 00:25:39.722  INFO 18076 --- [main] com.pos_main.PosMainApplication          : Started PosMainApplication in 3.93 seconds (JVM running for 4.491)
2025-03-13 00:25:43.969  INFO 18076 --- [http-nio-8080-exec-1] o.a.c.c.C.[Tomcat].[localhost].[/]       : Initializing Spring DispatcherServlet 'dispatcherServlet'
2025-03-13 00:25:43.970  INFO 18076 --- [http-nio-8080-exec-1] o.s.web.servlet.DispatcherServlet        : Initializing Servlet 'dispatcherServlet'
2025-03-13 00:25:43.971  INFO 18076 --- [http-nio-8080-exec-1] o.s.web.servlet.DispatcherServlet        : Completed initialization in 1 ms
2025-03-13 00:25:43.994  INFO 18076 --- [http-nio-8080-exec-1] c.p.Service.Utils.JwtCustomFilter        : request enter the custom filter
2025-03-13 00:25:44.136  INFO 18076 --- [http-nio-8080-exec-1] c.p.ServiceImpl.UserDetailsServiceImpl   : UserDetailsImpl.loadUserByUsername() invoked with username :lathusanthurairajah@codearson.com
2025-03-13 00:25:44.136  INFO 18076 --- [http-nio-8080-exec-1] com.pos_main.Service.BL.UserServiceBL    : UserServiceBL.getUserByUserName() invoked
2025-03-13 00:25:44.144  WARN 18076 --- [http-nio-8080-exec-1] org.hibernate.orm.deprecation            : HHH90000022: Hibernate's legacy org.hibernate.Criteria API is deprecated; use the JPA javax.persistence.criteria.CriteriaQuery instead
2025-03-13 00:25:44.295  INFO 18076 --- [http-nio-8080-exec-1] c.p.Controller.TransactionController     : TransactionController.save() invoked
2025-03-13 00:25:44.299  INFO 18076 --- [http-nio-8080-exec-1] c.p.ServiceImpl.TransactionServiceImpl   : TransactionServiceImpl.save() invoked
2025-03-13 00:25:44.300  INFO 18076 --- [http-nio-8080-exec-1] c.p.Service.BL.TransactionServiceBL      : TransactionServiceBL.save() invoked.
2025-03-13 00:25:44.305  WARN 18076 --- [http-nio-8080-exec-1] org.hibernate.orm.deprecation            : HHH90000022: Hibernate's legacy org.hibernate.Criteria API is deprecated; use the JPA javax.persistence.criteria.CriteriaQuery instead
2025-03-13 00:25:44.312  INFO 18076 --- [http-nio-8080-exec-1] com.pos_main.DaoImpl.ProductDaoImpl      : ProductDaoImpl.updateProduct() invoked.
2025-03-13 00:25:44.340  WARN 18076 --- [http-nio-8080-exec-1] org.hibernate.orm.deprecation            : HHH90000022: Hibernate's legacy org.hibernate.Criteria API is deprecated; use the JPA javax.persistence.criteria.CriteriaQuery instead
2025-03-13 00:25:44.345  INFO 18076 --- [http-nio-8080-exec-1] com.pos_main.DaoImpl.ProductDaoImpl      : ProductDaoImpl.updateProduct() invoked.
2025-03-13 00:25:44.365  INFO 18076 --- [http-nio-8080-exec-1] com.pos_main.DaoImpl.TransactionDaoImpl  : TransactionDaoImpl.save() invoked.
2025-03-13 00:25:44.398  INFO 18076 --- [http-nio-8080-exec-1] c.p.ServiceImpl.TransactionServiceImpl   : Transaction details saved.
2025-03-13 00:27:51.824  INFO 18076 --- [http-nio-8080-exec-5] c.p.Service.Utils.JwtCustomFilter        : request enter the custom filter
2025-03-13 00:27:51.843  INFO 18076 --- [http-nio-8080-exec-5] c.p.ServiceImpl.UserDetailsServiceImpl   : UserDetailsImpl.loadUserByUsername() invoked with username :lathusanthurairajah@codearson.com
2025-03-13 00:27:51.844  INFO 18076 --- [http-nio-8080-exec-5] com.pos_main.Service.BL.UserServiceBL    : UserServiceBL.getUserByUserName() invoked
2025-03-13 00:27:51.846  WARN 18076 --- [http-nio-8080-exec-5] org.hibernate.orm.deprecation            : HHH90000022: Hibernate's legacy org.hibernate.Criteria API is deprecated; use the JPA javax.persistence.criteria.CriteriaQuery instead
2025-03-13 00:27:51.888  INFO 18076 --- [http-nio-8080-exec-5] c.p.Controller.TransactionController     : TransactionController.save() invoked
2025-03-13 00:27:51.889  INFO 18076 --- [http-nio-8080-exec-5] c.p.ServiceImpl.TransactionServiceImpl   : TransactionServiceImpl.save() invoked
2025-03-13 00:27:51.889  INFO 18076 --- [http-nio-8080-exec-5] c.p.Service.BL.TransactionServiceBL      : TransactionServiceBL.save() invoked.
2025-03-13 00:27:51.890  WARN 18076 --- [http-nio-8080-exec-5] org.hibernate.orm.deprecation            : HHH90000022: Hibernate's legacy org.hibernate.Criteria API is deprecated; use the JPA javax.persistence.criteria.CriteriaQuery instead
2025-03-13 00:27:51.897  INFO 18076 --- [http-nio-8080-exec-5] com.pos_main.DaoImpl.ProductDaoImpl      : ProductDaoImpl.updateProduct() invoked.
2025-03-13 00:27:51.912  WARN 18076 --- [http-nio-8080-exec-5] org.hibernate.orm.deprecation            : HHH90000022: Hibernate's legacy org.hibernate.Criteria API is deprecated; use the JPA javax.persistence.criteria.CriteriaQuery instead
2025-03-13 00:27:51.918  INFO 18076 --- [http-nio-8080-exec-5] com.pos_main.DaoImpl.ProductDaoImpl      : ProductDaoImpl.updateProduct() invoked.
2025-03-13 00:27:51.931  INFO 18076 --- [http-nio-8080-exec-5] com.pos_main.DaoImpl.TransactionDaoImpl  : TransactionDaoImpl.save() invoked.
2025-03-13 00:27:51.953  INFO 18076 --- [http-nio-8080-exec-5] c.p.ServiceImpl.TransactionServiceImpl   : Transaction details saved.
2025-03-13 00:28:27.388  INFO 18076 --- [http-nio-8080-exec-6] c.p.Service.Utils.JwtCustomFilter        : request enter the custom filter
2025-03-13 00:28:27.391  INFO 18076 --- [http-nio-8080-exec-6] c.p.ServiceImpl.UserDetailsServiceImpl   : UserDetailsImpl.loadUserByUsername() invoked with username :lathusanthurairajah@codearson.com
2025-03-13 00:28:27.392  INFO 18076 --- [http-nio-8080-exec-6] com.pos_main.Service.BL.UserServiceBL    : UserServiceBL.getUserByUserName() invoked
2025-03-13 00:28:27.392  WARN 18076 --- [http-nio-8080-exec-6] org.hibernate.orm.deprecation            : HHH90000022: Hibernate's legacy org.hibernate.Criteria API is deprecated; use the JPA javax.persistence.criteria.CriteriaQuery instead
2025-03-13 00:28:27.407  INFO 18076 --- [http-nio-8080-exec-6] c.p.Controller.TransactionController     : TransactionController.save() invoked
2025-03-13 00:28:27.407  INFO 18076 --- [http-nio-8080-exec-6] c.p.ServiceImpl.TransactionServiceImpl   : TransactionServiceImpl.save() invoked
2025-03-13 00:28:27.407  INFO 18076 --- [http-nio-8080-exec-6] c.p.Service.BL.TransactionServiceBL      : TransactionServiceBL.save() invoked.
2025-03-13 00:28:27.408  WARN 18076 --- [http-nio-8080-exec-6] org.hibernate.orm.deprecation            : HHH90000022: Hibernate's legacy org.hibernate.Criteria API is deprecated; use the JPA javax.persistence.criteria.CriteriaQuery instead
2025-03-13 00:28:27.411  INFO 18076 --- [http-nio-8080-exec-6] com.pos_main.DaoImpl.ProductDaoImpl      : ProductDaoImpl.updateProduct() invoked.
2025-03-13 00:28:27.422  WARN 18076 --- [http-nio-8080-exec-6] org.hibernate.orm.deprecation            : HHH90000022: Hibernate's legacy org.hibernate.Criteria API is deprecated; use the JPA javax.persistence.criteria.CriteriaQuery instead
2025-03-13 00:28:27.426  INFO 18076 --- [http-nio-8080-exec-6] com.pos_main.DaoImpl.ProductDaoImpl      : ProductDaoImpl.updateProduct() invoked.
2025-03-13 00:28:27.438  INFO 18076 --- [http-nio-8080-exec-6] com.pos_main.DaoImpl.TransactionDaoImpl  : TransactionDaoImpl.save() invoked.
2025-03-13 00:28:27.458  INFO 18076 --- [http-nio-8080-exec-6] c.p.ServiceImpl.TransactionServiceImpl   : Transaction details saved.
2025-03-13 00:28:43.449  INFO 18076 --- [http-nio-8080-exec-7] c.p.Service.Utils.JwtCustomFilter        : request enter the custom filter
2025-03-13 00:28:43.454  INFO 18076 --- [http-nio-8080-exec-7] c.p.ServiceImpl.UserDetailsServiceImpl   : UserDetailsImpl.loadUserByUsername() invoked with username :lathusanthurairajah@codearson.com
2025-03-13 00:28:43.455  INFO 18076 --- [http-nio-8080-exec-7] com.pos_main.Service.BL.UserServiceBL    : UserServiceBL.getUserByUserName() invoked
2025-03-13 00:28:43.455  WARN 18076 --- [http-nio-8080-exec-7] org.hibernate.orm.deprecation            : HHH90000022: Hibernate's legacy org.hibernate.Criteria API is deprecated; use the JPA javax.persistence.criteria.CriteriaQuery instead
2025-03-13 00:28:43.474  INFO 18076 --- [http-nio-8080-exec-7] c.p.Controller.TransactionController     : TransactionController.save() invoked
2025-03-13 00:28:43.474  INFO 18076 --- [http-nio-8080-exec-7] c.p.ServiceImpl.TransactionServiceImpl   : TransactionServiceImpl.save() invoked
2025-03-13 00:28:43.474  INFO 18076 --- [http-nio-8080-exec-7] c.p.Service.BL.TransactionServiceBL      : TransactionServiceBL.save() invoked.
2025-03-13 00:28:43.475  WARN 18076 --- [http-nio-8080-exec-7] org.hibernate.orm.deprecation            : HHH90000022: Hibernate's legacy org.hibernate.Criteria API is deprecated; use the JPA javax.persistence.criteria.CriteriaQuery instead
2025-03-13 00:28:43.479  INFO 18076 --- [http-nio-8080-exec-7] com.pos_main.DaoImpl.ProductDaoImpl      : ProductDaoImpl.updateProduct() invoked.
2025-03-13 00:28:43.492  WARN 18076 --- [http-nio-8080-exec-7] org.hibernate.orm.deprecation            : HHH90000022: Hibernate's legacy org.hibernate.Criteria API is deprecated; use the JPA javax.persistence.criteria.CriteriaQuery instead
2025-03-13 00:28:43.496  INFO 18076 --- [http-nio-8080-exec-7] com.pos_main.DaoImpl.ProductDaoImpl      : ProductDaoImpl.updateProduct() invoked.
2025-03-13 00:28:43.508  INFO 18076 --- [http-nio-8080-exec-7] com.pos_main.DaoImpl.TransactionDaoImpl  : TransactionDaoImpl.save() invoked.
2025-03-13 00:28:43.529  INFO 18076 --- [http-nio-8080-exec-7] c.p.ServiceImpl.TransactionServiceImpl   : Transaction details saved.
2025-03-13 00:29:36.487  INFO 18076 --- [http-nio-8080-exec-8] c.p.Service.Utils.JwtCustomFilter        : request enter the custom filter
2025-03-13 00:29:36.492  INFO 18076 --- [http-nio-8080-exec-8] c.p.ServiceImpl.UserDetailsServiceImpl   : UserDetailsImpl.loadUserByUsername() invoked with username :lathusanthurairajah@codearson.com
2025-03-13 00:29:36.492  INFO 18076 --- [http-nio-8080-exec-8] com.pos_main.Service.BL.UserServiceBL    : UserServiceBL.getUserByUserName() invoked
2025-03-13 00:29:36.493  WARN 18076 --- [http-nio-8080-exec-8] org.hibernate.orm.deprecation            : HHH90000022: Hibernate's legacy org.hibernate.Criteria API is deprecated; use the JPA javax.persistence.criteria.CriteriaQuery instead
2025-03-13 00:29:36.539  INFO 18076 --- [http-nio-8080-exec-8] c.pos_main.Controller.ProductController  : ProductController.gellAllProducts() invoked
2025-03-13 00:29:36.547  INFO 18076 --- [http-nio-8080-exec-8] c.p.ServiceImpl.ProductServiceImpl       : ProductServiceImpl.getAllProducts() invoked
2025-03-13 00:29:36.547  INFO 18076 --- [http-nio-8080-exec-8] c.pos_main.Service.BL.ProductServiceBL   : ProductServiceBL.getAllProducts() invoked
2025-03-13 00:29:36.550  INFO 18076 --- [http-nio-8080-exec-8] com.pos_main.DaoImpl.ProductDaoImpl      : ProductDaoImpl.getAllProducts() invoked
2025-03-13 00:29:36.551  WARN 18076 --- [http-nio-8080-exec-8] org.hibernate.orm.deprecation            : HHH90000022: Hibernate's legacy org.hibernate.Criteria API is deprecated; use the JPA javax.persistence.criteria.CriteriaQuery instead
2025-03-13 00:29:36.564  INFO 18076 --- [http-nio-8080-exec-8] c.p.ServiceImpl.ProductServiceImpl       : Retrieve All Product Details.
2025-03-13 00:34:28.322  INFO 18076 --- [RMI TCP Connection(18)-127.0.0.1] inMXBeanRegistrar$SpringApplicationAdmin : Application shutdown requested.
2025-03-13 00:34:28.597  INFO 18076 --- [RMI TCP Connection(18)-127.0.0.1] j.LocalContainerEntityManagerFactoryBean : Closing JPA EntityManagerFactory for persistence unit 'default'
2025-03-13 00:34:28.642  INFO 18076 --- [RMI TCP Connection(18)-127.0.0.1] com.zaxxer.hikari.HikariDataSource       : HikariPool-1 - Shutdown initiated...
2025-03-13 00:34:28.650  INFO 18076 --- [RMI TCP Connection(18)-127.0.0.1] com.zaxxer.hikari.HikariDataSource       : HikariPool-1 - Shutdown completed.
2025-03-13 00:34:30.277  INFO 14384 --- [main] com.pos_main.PosMainApplication          : Starting PosMainApplication using Java 21.0.5 on SK_BAVI18 with PID 14384 (D:\delta_pos_be\target\classes started by skbav in D:\delta_pos_be)
2025-03-13 00:34:30.278  INFO 14384 --- [main] com.pos_main.PosMainApplication          : The following profiles are active: dev
2025-03-13 00:34:30.914  INFO 14384 --- [main] .s.d.r.c.RepositoryConfigurationDelegate : Bootstrapping Spring Data JPA repositories in DEFAULT mode.
2025-03-13 00:34:30.937  INFO 14384 --- [main] .s.d.r.c.RepositoryConfigurationDelegate : Finished Spring Data repository scanning in 16 ms. Found 0 JPA repository interfaces.
2025-03-13 00:34:31.399  INFO 14384 --- [main] o.s.b.w.embedded.tomcat.TomcatWebServer  : Tomcat initialized with port(s): 8080 (http)
2025-03-13 00:34:31.408  INFO 14384 --- [main] o.apache.catalina.core.StandardService   : Starting service [Tomcat]
2025-03-13 00:34:31.408  INFO 14384 --- [main] org.apache.catalina.core.StandardEngine  : Starting Servlet engine: [Apache Tomcat/9.0.55]
2025-03-13 00:34:31.472  INFO 14384 --- [main] o.a.c.c.C.[Tomcat].[localhost].[/]       : Initializing Spring embedded WebApplicationContext
2025-03-13 00:34:31.474  INFO 14384 --- [main] w.s.c.ServletWebServerApplicationContext : Root WebApplicationContext: initialization completed in 1154 ms
2025-03-13 00:34:31.626  INFO 14384 --- [main] o.hibernate.jpa.internal.util.LogHelper  : HHH000204: Processing PersistenceUnitInfo [name: default]
2025-03-13 00:34:31.695  INFO 14384 --- [main] org.hibernate.Version                    : HHH000412: Hibernate ORM core version 5.6.1.Final
2025-03-13 00:34:31.877  INFO 14384 --- [main] o.hibernate.annotations.common.Version   : HCANN000001: Hibernate Commons Annotations {5.1.2.Final}
2025-03-13 00:34:31.947  INFO 14384 --- [main] com.zaxxer.hikari.HikariDataSource       : HikariPool-1 - Starting...
2025-03-13 00:34:32.073  INFO 14384 --- [main] com.zaxxer.hikari.HikariDataSource       : HikariPool-1 - Start completed.
2025-03-13 00:34:32.085  INFO 14384 --- [main] org.hibernate.dialect.Dialect            : HHH000400: Using dialect: org.hibernate.dialect.MySQL5InnoDBDialect
2025-03-13 00:34:32.805  INFO 14384 --- [main] o.h.e.t.j.p.i.JtaPlatformInitiator       : HHH000490: Using JtaPlatform implementation: [org.hibernate.engine.transaction.jta.platform.internal.NoJtaPlatform]
2025-03-13 00:34:32.813  INFO 14384 --- [main] j.LocalContainerEntityManagerFactoryBean : Initialized JPA EntityManagerFactory for persistence unit 'default'
2025-03-13 00:34:33.506  INFO 14384 --- [main] o.s.s.web.DefaultSecurityFilterChain     : Will secure any request with [org.springframework.security.web.context.request.async.WebAsyncManagerIntegrationFilter@5a5b394, org.springframework.security.web.context.SecurityContextPersistenceFilter@10b5ff4d, org.springframework.security.web.header.HeaderWriterFilter@384f0e32, org.springframework.web.filter.CorsFilter@6c9b6332, org.springframework.security.web.authentication.logout.LogoutFilter@774189d0, com.pos_main.Service.Utils.JwtCustomFilter@64381526, org.springframework.security.web.savedrequest.RequestCacheAwareFilter@222eda8a, org.springframework.security.web.servletapi.SecurityContextHolderAwareRequestFilter@c414eb3, org.springframework.security.web.authentication.AnonymousAuthenticationFilter@384b3fe7, org.springframework.security.web.session.SessionManagementFilter@3f78a5ed, org.springframework.security.web.access.ExceptionTranslationFilter@20462820, org.springframework.security.web.access.intercept.AuthorizationFilter@16e84d93]
2025-03-13 00:34:33.719  INFO 14384 --- [main] o.s.b.w.embedded.tomcat.TomcatWebServer  : Tomcat started on port(s): 8080 (http) with context path ''
2025-03-13 00:34:33.726  INFO 14384 --- [main] com.pos_main.PosMainApplication          : Started PosMainApplication in 3.741 seconds (JVM running for 4.283)
2025-03-13 00:34:45.998  INFO 14384 --- [http-nio-8080-exec-1] o.a.c.c.C.[Tomcat].[localhost].[/]       : Initializing Spring DispatcherServlet 'dispatcherServlet'
2025-03-13 00:34:45.999  INFO 14384 --- [http-nio-8080-exec-1] o.s.web.servlet.DispatcherServlet        : Initializing Servlet 'dispatcherServlet'
2025-03-13 00:34:46.001  INFO 14384 --- [http-nio-8080-exec-1] o.s.web.servlet.DispatcherServlet        : Completed initialization in 2 ms
2025-03-13 00:34:46.029  INFO 14384 --- [http-nio-8080-exec-1] c.p.Service.Utils.JwtCustomFilter        : request enter the custom filter
2025-03-13 00:34:46.208  INFO 14384 --- [http-nio-8080-exec-1] c.p.ServiceImpl.UserDetailsServiceImpl   : UserDetailsImpl.loadUserByUsername() invoked with username :lathusanthurairajah@codearson.com
2025-03-13 00:34:46.208  INFO 14384 --- [http-nio-8080-exec-1] com.pos_main.Service.BL.UserServiceBL    : UserServiceBL.getUserByUserName() invoked
2025-03-13 00:34:46.216  WARN 14384 --- [http-nio-8080-exec-1] org.hibernate.orm.deprecation            : HHH90000022: Hibernate's legacy org.hibernate.Criteria API is deprecated; use the JPA javax.persistence.criteria.CriteriaQuery instead
2025-03-13 00:34:46.431  INFO 14384 --- [http-nio-8080-exec-1] c.p.Controller.TransactionController     : TransactionController.save() invoked
2025-03-13 00:34:46.438  INFO 14384 --- [http-nio-8080-exec-1] c.p.ServiceImpl.TransactionServiceImpl   : TransactionServiceImpl.save() invoked
2025-03-13 00:34:46.438  INFO 14384 --- [http-nio-8080-exec-1] c.p.Service.BL.TransactionServiceBL      : TransactionServiceBL.save() invoked.
2025-03-13 00:34:46.444  WARN 14384 --- [http-nio-8080-exec-1] org.hibernate.orm.deprecation            : HHH90000022: Hibernate's legacy org.hibernate.Criteria API is deprecated; use the JPA javax.persistence.criteria.CriteriaQuery instead
2025-03-13 00:34:46.458  INFO 14384 --- [http-nio-8080-exec-1] c.p.DaoImpl.ProductCategoryDaoImpl       : ProductCategoryDaoImpl.getAllByName() invoked
2025-03-13 00:34:46.481  WARN 14384 --- [http-nio-8080-exec-1] org.hibernate.orm.deprecation            : HHH90000022: Hibernate's legacy org.hibernate.Criteria API is deprecated; use the JPA javax.persistence.criteria.CriteriaQuery instead
2025-03-13 00:34:46.601 ERROR 14384 --- [http-nio-8080-exec-1] c.p.ServiceImpl.TransactionServiceImpl   : Exception occurs while saving transaction details.

java.lang.ClassCastException: class java.util.ArrayList cannot be cast to class com.pos_main.Dto.ProductCategoryDto (java.util.ArrayList is in module java.base of loader 'bootstrap'; com.pos_main.Dto.ProductCategoryDto is in unnamed module of loader 'app')
	at com.pos_main.Service.BL.TransactionServiceBL.save(TransactionServiceBL.java:100) ~[classes/:na]
	at com.pos_main.ServiceImpl.TransactionServiceImpl.save(TransactionServiceImpl.java:180) ~[classes/:na]
	at com.pos_main.ServiceImpl.TransactionServiceImpl$$FastClassBySpringCGLIB$$4cc9ed0d.invoke(<generated>) ~[classes/:na]
	at org.springframework.cglib.proxy.MethodProxy.invoke(MethodProxy.java:218) ~[spring-core-5.3.13.jar:5.3.13]
	at org.springframework.aop.framework.CglibAopProxy$DynamicAdvisedInterceptor.intercept(CglibAopProxy.java:689) ~[spring-aop-5.3.13.jar:5.3.13]
	at com.pos_main.ServiceImpl.TransactionServiceImpl$$EnhancerBySpringCGLIB$$73e76b39.save(<generated>) ~[classes/:na]
	at com.pos_main.Controller.TransactionController.save(TransactionController.java:85) ~[classes/:na]
	at com.pos_main.Controller.TransactionController$$FastClassBySpringCGLIB$$a8da2405.invoke(<generated>) ~[classes/:na]
	at org.springframework.cglib.proxy.MethodProxy.invoke(MethodProxy.java:218) ~[spring-core-5.3.13.jar:5.3.13]
	at org.springframework.aop.framework.CglibAopProxy$CglibMethodInvocation.invokeJoinpoint(CglibAopProxy.java:783) ~[spring-aop-5.3.13.jar:5.3.13]
	at org.springframework.aop.framework.ReflectiveMethodInvocation.proceed(ReflectiveMethodInvocation.java:163) ~[spring-aop-5.3.13.jar:5.3.13]
	at org.springframework.aop.framework.CglibAopProxy$CglibMethodInvocation.proceed(CglibAopProxy.java:753) ~[spring-aop-5.3.13.jar:5.3.13]
	at org.springframework.security.authorization.method.AuthorizationManagerBeforeMethodInterceptor.invoke(AuthorizationManagerBeforeMethodInterceptor.java:159) ~[spring-security-core-5.6.0.jar:5.6.0]
	at org.springframework.aop.framework.ReflectiveMethodInvocation.proceed(ReflectiveMethodInvocation.java:186) ~[spring-aop-5.3.13.jar:5.3.13]
	at org.springframework.aop.framework.CglibAopProxy$CglibMethodInvocation.proceed(CglibAopProxy.java:753) ~[spring-aop-5.3.13.jar:5.3.13]
	at org.springframework.aop.framework.CglibAopProxy$DynamicAdvisedInterceptor.intercept(CglibAopProxy.java:698) ~[spring-aop-5.3.13.jar:5.3.13]
	at com.pos_main.Controller.TransactionController$$EnhancerBySpringCGLIB$$9ad1cf8a.save(<generated>) ~[classes/:na]
	at java.base/jdk.internal.reflect.DirectMethodHandleAccessor.invoke(DirectMethodHandleAccessor.java:103) ~[na:na]
	at java.base/java.lang.reflect.Method.invoke(Method.java:580) ~[na:na]
	at org.springframework.web.method.support.InvocableHandlerMethod.doInvoke(InvocableHandlerMethod.java:205) ~[spring-web-5.3.13.jar:5.3.13]
	at org.springframework.web.method.support.InvocableHandlerMethod.invokeForRequest(InvocableHandlerMethod.java:150) ~[spring-web-5.3.13.jar:5.3.13]
	at org.springframework.web.servlet.mvc.method.annotation.ServletInvocableHandlerMethod.invokeAndHandle(ServletInvocableHandlerMethod.java:117) ~[spring-webmvc-5.3.13.jar:5.3.13]
	at org.springframework.web.servlet.mvc.method.annotation.RequestMappingHandlerAdapter.invokeHandlerMethod(RequestMappingHandlerAdapter.java:895) ~[spring-webmvc-5.3.13.jar:5.3.13]
	at org.springframework.web.servlet.mvc.method.annotation.RequestMappingHandlerAdapter.handleInternal(RequestMappingHandlerAdapter.java:808) ~[spring-webmvc-5.3.13.jar:5.3.13]
	at org.springframework.web.servlet.mvc.method.AbstractHandlerMethodAdapter.handle(AbstractHandlerMethodAdapter.java:87) ~[spring-webmvc-5.3.13.jar:5.3.13]
	at org.springframework.web.servlet.DispatcherServlet.doDispatch(DispatcherServlet.java:1067) ~[spring-webmvc-5.3.13.jar:5.3.13]
	at org.springframework.web.servlet.DispatcherServlet.doService(DispatcherServlet.java:963) ~[spring-webmvc-5.3.13.jar:5.3.13]
	at org.springframework.web.servlet.FrameworkServlet.processRequest(FrameworkServlet.java:1006) ~[spring-webmvc-5.3.13.jar:5.3.13]
	at org.springframework.web.servlet.FrameworkServlet.doPost(FrameworkServlet.java:909) ~[spring-webmvc-5.3.13.jar:5.3.13]
	at javax.servlet.http.HttpServlet.service(HttpServlet.java:681) ~[tomcat-embed-core-9.0.55.jar:4.0.FR]
	at org.springframework.web.servlet.FrameworkServlet.service(FrameworkServlet.java:883) ~[spring-webmvc-5.3.13.jar:5.3.13]
	at javax.servlet.http.HttpServlet.service(HttpServlet.java:764) ~[tomcat-embed-core-9.0.55.jar:4.0.FR]
	at org.apache.catalina.core.ApplicationFilterChain.internalDoFilter(ApplicationFilterChain.java:227) ~[tomcat-embed-core-9.0.55.jar:9.0.55]
	at org.apache.catalina.core.ApplicationFilterChain.doFilter(ApplicationFilterChain.java:162) ~[tomcat-embed-core-9.0.55.jar:9.0.55]
	at org.apache.tomcat.websocket.server.WsFilter.doFilter(WsFilter.java:53) ~[tomcat-embed-websocket-9.0.55.jar:9.0.55]
	at org.apache.catalina.core.ApplicationFilterChain.internalDoFilter(ApplicationFilterChain.java:189) ~[tomcat-embed-core-9.0.55.jar:9.0.55]
	at org.apache.catalina.core.ApplicationFilterChain.doFilter(ApplicationFilterChain.java:162) ~[tomcat-embed-core-9.0.55.jar:9.0.55]
	at org.springframework.web.filter.OncePerRequestFilter.doFilter(OncePerRequestFilter.java:113) ~[spring-web-5.3.13.jar:5.3.13]
	at org.apache.catalina.core.ApplicationFilterChain.internalDoFilter(ApplicationFilterChain.java:189) ~[tomcat-embed-core-9.0.55.jar:9.0.55]
	at org.apache.catalina.core.ApplicationFilterChain.doFilter(ApplicationFilterChain.java:162) ~[tomcat-embed-core-9.0.55.jar:9.0.55]
	at org.springframework.security.web.FilterChainProxy$VirtualFilterChain.doFilter(FilterChainProxy.java:327) ~[spring-security-web-5.6.0.jar:5.6.0]
	at org.springframework.security.web.access.intercept.AuthorizationFilter.doFilterInternal(AuthorizationFilter.java:58) ~[spring-security-web-5.6.0.jar:5.6.0]
	at org.springframework.web.filter.OncePerRequestFilter.doFilter(OncePerRequestFilter.java:119) ~[spring-web-5.3.13.jar:5.3.13]
	at org.springframework.security.web.FilterChainProxy$VirtualFilterChain.doFilter(FilterChainProxy.java:336) ~[spring-security-web-5.6.0.jar:5.6.0]
	at org.springframework.security.web.access.ExceptionTranslationFilter.doFilter(ExceptionTranslationFilter.java:122) ~[spring-security-web-5.6.0.jar:5.6.0]
	at org.springframework.security.web.access.ExceptionTranslationFilter.doFilter(ExceptionTranslationFilter.java:116) ~[spring-security-web-5.6.0.jar:5.6.0]
	at org.springframework.security.web.FilterChainProxy$VirtualFilterChain.doFilter(FilterChainProxy.java:336) ~[spring-security-web-5.6.0.jar:5.6.0]
	at org.springframework.security.web.session.SessionManagementFilter.doFilter(SessionManagementFilter.java:126) ~[spring-security-web-5.6.0.jar:5.6.0]
	at org.springframework.security.web.session.SessionManagementFilter.doFilter(SessionManagementFilter.java:81) ~[spring-security-web-5.6.0.jar:5.6.0]
	at org.springframework.security.web.FilterChainProxy$VirtualFilterChain.doFilter(FilterChainProxy.java:336) ~[spring-security-web-5.6.0.jar:5.6.0]
	at org.springframework.security.web.authentication.AnonymousAuthenticationFilter.doFilter(AnonymousAuthenticationFilter.java:109) ~[spring-security-web-5.6.0.jar:5.6.0]
	at org.springframework.security.web.FilterChainProxy$VirtualFilterChain.doFilter(FilterChainProxy.java:336) ~[spring-security-web-5.6.0.jar:5.6.0]
	at org.springframework.security.web.servletapi.SecurityContextHolderAwareRequestFilter.doFilter(SecurityContextHolderAwareRequestFilter.java:149) ~[spring-security-web-5.6.0.jar:5.6.0]
	at org.springframework.security.web.FilterChainProxy$VirtualFilterChain.doFilter(FilterChainProxy.java:336) ~[spring-security-web-5.6.0.jar:5.6.0]
	at org.springframework.security.web.savedrequest.RequestCacheAwareFilter.doFilter(RequestCacheAwareFilter.java:63) ~[spring-security-web-5.6.0.jar:5.6.0]
	at org.springframework.security.web.FilterChainProxy$VirtualFilterChain.doFilter(FilterChainProxy.java:336) ~[spring-security-web-5.6.0.jar:5.6.0]
	at com.pos_main.Service.Utils.JwtCustomFilter.doFilterInternal(JwtCustomFilter.java:65) ~[classes/:na]
	at org.springframework.web.filter.OncePerRequestFilter.doFilter(OncePerRequestFilter.java:119) ~[spring-web-5.3.13.jar:5.3.13]
	at org.springframework.security.web.FilterChainProxy$VirtualFilterChain.doFilter(FilterChainProxy.java:336) ~[spring-security-web-5.6.0.jar:5.6.0]
	at org.springframework.security.web.authentication.logout.LogoutFilter.doFilter(LogoutFilter.java:103) ~[spring-security-web-5.6.0.jar:5.6.0]
	at org.springframework.security.web.authentication.logout.LogoutFilter.doFilter(LogoutFilter.java:89) ~[spring-security-web-5.6.0.jar:5.6.0]
	at org.springframework.security.web.FilterChainProxy$VirtualFilterChain.doFilter(FilterChainProxy.java:336) ~[spring-security-web-5.6.0.jar:5.6.0]
	at org.springframework.web.filter.CorsFilter.doFilterInternal(CorsFilter.java:91) ~[spring-web-5.3.13.jar:5.3.13]
	at org.springframework.web.filter.OncePerRequestFilter.doFilter(OncePerRequestFilter.java:119) ~[spring-web-5.3.13.jar:5.3.13]
	at org.springframework.security.web.FilterChainProxy$VirtualFilterChain.doFilter(FilterChainProxy.java:336) ~[spring-security-web-5.6.0.jar:5.6.0]
	at org.springframework.security.web.header.HeaderWriterFilter.doHeadersAfter(HeaderWriterFilter.java:90) ~[spring-security-web-5.6.0.jar:5.6.0]
	at org.springframework.security.web.header.HeaderWriterFilter.doFilterInternal(HeaderWriterFilter.java:75) ~[spring-security-web-5.6.0.jar:5.6.0]
	at org.springframework.web.filter.OncePerRequestFilter.doFilter(OncePerRequestFilter.java:119) ~[spring-web-5.3.13.jar:5.3.13]
	at org.springframework.security.web.FilterChainProxy$VirtualFilterChain.doFilter(FilterChainProxy.java:336) ~[spring-security-web-5.6.0.jar:5.6.0]
	at org.springframework.security.web.context.SecurityContextPersistenceFilter.doFilter(SecurityContextPersistenceFilter.java:110) ~[spring-security-web-5.6.0.jar:5.6.0]
	at org.springframework.security.web.context.SecurityContextPersistenceFilter.doFilter(SecurityContextPersistenceFilter.java:80) ~[spring-security-web-5.6.0.jar:5.6.0]
	at org.springframework.security.web.FilterChainProxy$VirtualFilterChain.doFilter(FilterChainProxy.java:336) ~[spring-security-web-5.6.0.jar:5.6.0]
	at org.springframework.security.web.context.request.async.WebAsyncManagerIntegrationFilter.doFilterInternal(WebAsyncManagerIntegrationFilter.java:55) ~[spring-security-web-5.6.0.jar:5.6.0]
	at org.springframework.web.filter.OncePerRequestFilter.doFilter(OncePerRequestFilter.java:119) ~[spring-web-5.3.13.jar:5.3.13]
	at org.springframework.security.web.FilterChainProxy$VirtualFilterChain.doFilter(FilterChainProxy.java:336) ~[spring-security-web-5.6.0.jar:5.6.0]
	at org.springframework.security.web.FilterChainProxy.doFilterInternal(FilterChainProxy.java:211) ~[spring-security-web-5.6.0.jar:5.6.0]
	at org.springframework.security.web.FilterChainProxy.doFilter(FilterChainProxy.java:183) ~[spring-security-web-5.6.0.jar:5.6.0]
	at org.springframework.web.filter.DelegatingFilterProxy.invokeDelegate(DelegatingFilterProxy.java:358) ~[spring-web-5.3.13.jar:5.3.13]
	at org.springframework.web.filter.DelegatingFilterProxy.doFilter(DelegatingFilterProxy.java:271) ~[spring-web-5.3.13.jar:5.3.13]
	at org.apache.catalina.core.ApplicationFilterChain.internalDoFilter(ApplicationFilterChain.java:189) ~[tomcat-embed-core-9.0.55.jar:9.0.55]
	at org.apache.catalina.core.ApplicationFilterChain.doFilter(ApplicationFilterChain.java:162) ~[tomcat-embed-core-9.0.55.jar:9.0.55]
	at org.springframework.web.filter.RequestContextFilter.doFilterInternal(RequestContextFilter.java:100) ~[spring-web-5.3.13.jar:5.3.13]
	at org.springframework.web.filter.OncePerRequestFilter.doFilter(OncePerRequestFilter.java:119) ~[spring-web-5.3.13.jar:5.3.13]
	at org.apache.catalina.core.ApplicationFilterChain.internalDoFilter(ApplicationFilterChain.java:189) ~[tomcat-embed-core-9.0.55.jar:9.0.55]
	at org.apache.catalina.core.ApplicationFilterChain.doFilter(ApplicationFilterChain.java:162) ~[tomcat-embed-core-9.0.55.jar:9.0.55]
	at org.springframework.web.filter.FormContentFilter.doFilterInternal(FormContentFilter.java:93) ~[spring-web-5.3.13.jar:5.3.13]
	at org.springframework.web.filter.OncePerRequestFilter.doFilter(OncePerRequestFilter.java:119) ~[spring-web-5.3.13.jar:5.3.13]
	at org.apache.catalina.core.ApplicationFilterChain.internalDoFilter(ApplicationFilterChain.java:189) ~[tomcat-embed-core-9.0.55.jar:9.0.55]
	at org.apache.catalina.core.ApplicationFilterChain.doFilter(ApplicationFilterChain.java:162) ~[tomcat-embed-core-9.0.55.jar:9.0.55]
	at org.springframework.web.filter.CharacterEncodingFilter.doFilterInternal(CharacterEncodingFilter.java:201) ~[spring-web-5.3.13.jar:5.3.13]
	at org.springframework.web.filter.OncePerRequestFilter.doFilter(OncePerRequestFilter.java:119) ~[spring-web-5.3.13.jar:5.3.13]
	at org.apache.catalina.core.ApplicationFilterChain.internalDoFilter(ApplicationFilterChain.java:189) ~[tomcat-embed-core-9.0.55.jar:9.0.55]
	at org.apache.catalina.core.ApplicationFilterChain.doFilter(ApplicationFilterChain.java:162) ~[tomcat-embed-core-9.0.55.jar:9.0.55]
	at org.apache.catalina.core.StandardWrapperValve.invoke(StandardWrapperValve.java:197) ~[tomcat-embed-core-9.0.55.jar:9.0.55]
	at org.apache.catalina.core.StandardContextValve.invoke(StandardContextValve.java:97) ~[tomcat-embed-core-9.0.55.jar:9.0.55]
	at org.apache.catalina.authenticator.AuthenticatorBase.invoke(AuthenticatorBase.java:540) ~[tomcat-embed-core-9.0.55.jar:9.0.55]
	at org.apache.catalina.core.StandardHostValve.invoke(StandardHostValve.java:135) ~[tomcat-embed-core-9.0.55.jar:9.0.55]
	at org.apache.catalina.valves.ErrorReportValve.invoke(ErrorReportValve.java:92) ~[tomcat-embed-core-9.0.55.jar:9.0.55]
	at org.apache.catalina.core.StandardEngineValve.invoke(StandardEngineValve.java:78) ~[tomcat-embed-core-9.0.55.jar:9.0.55]
	at org.apache.catalina.connector.CoyoteAdapter.service(CoyoteAdapter.java:357) ~[tomcat-embed-core-9.0.55.jar:9.0.55]
	at org.apache.coyote.http11.Http11Processor.service(Http11Processor.java:382) ~[tomcat-embed-core-9.0.55.jar:9.0.55]
	at org.apache.coyote.AbstractProcessorLight.process(AbstractProcessorLight.java:65) ~[tomcat-embed-core-9.0.55.jar:9.0.55]
	at org.apache.coyote.AbstractProtocol$ConnectionHandler.process(AbstractProtocol.java:895) ~[tomcat-embed-core-9.0.55.jar:9.0.55]
	at org.apache.tomcat.util.net.NioEndpoint$SocketProcessor.doRun(NioEndpoint.java:1722) ~[tomcat-embed-core-9.0.55.jar:9.0.55]
	at org.apache.tomcat.util.net.SocketProcessorBase.run(SocketProcessorBase.java:49) ~[tomcat-embed-core-9.0.55.jar:9.0.55]
	at org.apache.tomcat.util.threads.ThreadPoolExecutor.runWorker(ThreadPoolExecutor.java:1191) ~[tomcat-embed-core-9.0.55.jar:9.0.55]
	at org.apache.tomcat.util.threads.ThreadPoolExecutor$Worker.run(ThreadPoolExecutor.java:659) ~[tomcat-embed-core-9.0.55.jar:9.0.55]
	at org.apache.tomcat.util.threads.TaskThread$WrappingRunnable.run(TaskThread.java:61) ~[tomcat-embed-core-9.0.55.jar:9.0.55]
	at java.base/java.lang.Thread.run(Thread.java:1583) ~[na:na]

2025-03-13 00:37:29.949  INFO 14384 --- [RMI TCP Connection(12)-127.0.0.1] inMXBeanRegistrar$SpringApplicationAdmin : Application shutdown requested.
2025-03-13 00:37:29.994  INFO 14384 --- [RMI TCP Connection(12)-127.0.0.1] j.LocalContainerEntityManagerFactoryBean : Closing JPA EntityManagerFactory for persistence unit 'default'
2025-03-13 00:37:29.999  INFO 14384 --- [RMI TCP Connection(12)-127.0.0.1] com.zaxxer.hikari.HikariDataSource       : HikariPool-1 - Shutdown initiated...
2025-03-13 00:37:30.001  INFO 14384 --- [RMI TCP Connection(12)-127.0.0.1] com.zaxxer.hikari.HikariDataSource       : HikariPool-1 - Shutdown completed.
2025-03-13 17:51:30.487  INFO 11004 --- [main] com.pos_main.PosMainApplication          : Starting PosMainApplication using Java 21.0.5 on SK_BAVI18 with PID 11004 (D:\delta_pos_be\target\classes started by skbav in D:\delta_pos_be)
2025-03-13 17:51:30.489  INFO 11004 --- [main] com.pos_main.PosMainApplication          : The following profiles are active: dev
2025-03-13 17:51:34.914  INFO 11004 --- [main] .s.d.r.c.RepositoryConfigurationDelegate : Bootstrapping Spring Data JPA repositories in DEFAULT mode.
2025-03-13 17:51:34.950  INFO 11004 --- [main] .s.d.r.c.RepositoryConfigurationDelegate : Finished Spring Data repository scanning in 25 ms. Found 0 JPA repository interfaces.
2025-03-13 17:51:36.012  INFO 11004 --- [main] o.s.b.w.embedded.tomcat.TomcatWebServer  : Tomcat initialized with port(s): 8080 (http)
2025-03-13 17:51:36.028  INFO 11004 --- [main] o.apache.catalina.core.StandardService   : Starting service [Tomcat]
2025-03-13 17:51:36.030  INFO 11004 --- [main] org.apache.catalina.core.StandardEngine  : Starting Servlet engine: [Apache Tomcat/9.0.55]
2025-03-13 17:51:36.118  INFO 11004 --- [main] o.a.c.c.C.[Tomcat].[localhost].[/]       : Initializing Spring embedded WebApplicationContext
2025-03-13 17:51:36.118  INFO 11004 --- [main] w.s.c.ServletWebServerApplicationContext : Root WebApplicationContext: initialization completed in 5599 ms
2025-03-13 17:51:36.322  INFO 11004 --- [main] o.hibernate.jpa.internal.util.LogHelper  : HHH000204: Processing PersistenceUnitInfo [name: default]
2025-03-13 17:51:36.389  INFO 11004 --- [main] org.hibernate.Version                    : HHH000412: Hibernate ORM core version 5.6.1.Final
2025-03-13 17:51:36.576  INFO 11004 --- [main] o.hibernate.annotations.common.Version   : HCANN000001: Hibernate Commons Annotations {5.1.2.Final}
2025-03-13 17:51:36.661  INFO 11004 --- [main] com.zaxxer.hikari.HikariDataSource       : HikariPool-1 - Starting...
2025-03-13 17:51:37.087  INFO 11004 --- [main] com.zaxxer.hikari.HikariDataSource       : HikariPool-1 - Start completed.
2025-03-13 17:51:37.134  INFO 11004 --- [main] org.hibernate.dialect.Dialect            : HHH000400: Using dialect: org.hibernate.dialect.MySQL5InnoDBDialect
2025-03-13 17:51:39.018  INFO 11004 --- [main] o.h.e.t.j.p.i.JtaPlatformInitiator       : HHH000490: Using JtaPlatform implementation: [org.hibernate.engine.transaction.jta.platform.internal.NoJtaPlatform]
2025-03-13 17:51:39.055  INFO 11004 --- [main] j.LocalContainerEntityManagerFactoryBean : Initialized JPA EntityManagerFactory for persistence unit 'default'
2025-03-13 17:51:40.758  INFO 11004 --- [main] o.s.s.web.DefaultSecurityFilterChain     : Will secure any request with [org.springframework.security.web.context.request.async.WebAsyncManagerIntegrationFilter@24a1858a, org.springframework.security.web.context.SecurityContextPersistenceFilter@2bb84aa5, org.springframework.security.web.header.HeaderWriterFilter@5644f664, org.springframework.web.filter.CorsFilter@270ab7bc, org.springframework.security.web.authentication.logout.LogoutFilter@2fe2fcc2, com.pos_main.Service.Utils.JwtCustomFilter@44117b0d, org.springframework.security.web.savedrequest.RequestCacheAwareFilter@52d434c1, org.springframework.security.web.servletapi.SecurityContextHolderAwareRequestFilter@3407ded1, org.springframework.security.web.authentication.AnonymousAuthenticationFilter@3ffe74da, org.springframework.security.web.session.SessionManagementFilter@37b5a51c, org.springframework.security.web.access.ExceptionTranslationFilter@4965454c, org.springframework.security.web.access.intercept.AuthorizationFilter@1631dbbc]
2025-03-13 17:51:41.213  INFO 11004 --- [main] o.s.b.w.embedded.tomcat.TomcatWebServer  : Tomcat started on port(s): 8080 (http) with context path ''
2025-03-13 17:51:41.224  INFO 11004 --- [main] com.pos_main.PosMainApplication          : Started PosMainApplication in 11.038 seconds (JVM running for 11.594)
2025-03-13 17:52:03.466  INFO 11004 --- [http-nio-8080-exec-1] o.a.c.c.C.[Tomcat].[localhost].[/]       : Initializing Spring DispatcherServlet 'dispatcherServlet'
2025-03-13 17:52:03.466  INFO 11004 --- [http-nio-8080-exec-1] o.s.web.servlet.DispatcherServlet        : Initializing Servlet 'dispatcherServlet'
2025-03-13 17:52:03.468  INFO 11004 --- [http-nio-8080-exec-1] o.s.web.servlet.DispatcherServlet        : Completed initialization in 2 ms
2025-03-13 17:52:03.497  INFO 11004 --- [http-nio-8080-exec-1] c.p.Service.Utils.JwtCustomFilter        : request enter the custom filter
2025-03-13 17:52:03.604  INFO 11004 --- [http-nio-8080-exec-1] com.pos_main.Controller.UserController   : UserController.getUserByName() invoked
2025-03-13 17:52:03.608  INFO 11004 --- [http-nio-8080-exec-1] c.pos_main.ServiceImpl.UserServiceImpl   : UserServiceImpl.login().invoked
2025-03-13 17:52:03.609  INFO 11004 --- [http-nio-8080-exec-1] com.pos_main.Service.BL.UserServiceBL    : UserServiceBL.login() invoked
2025-03-13 17:52:03.797  INFO 11004 --- [http-nio-8080-exec-1] c.p.ServiceImpl.UserDetailsServiceImpl   : UserDetailsImpl.loadUserByUsername() invoked with username :lathusanthurairajah@codearson.com
2025-03-13 17:52:03.798  INFO 11004 --- [http-nio-8080-exec-1] com.pos_main.Service.BL.UserServiceBL    : UserServiceBL.getUserByUserName() invoked
2025-03-13 17:52:03.806  WARN 11004 --- [http-nio-8080-exec-1] org.hibernate.orm.deprecation            : HHH90000022: Hibernate's legacy org.hibernate.Criteria API is deprecated; use the JPA javax.persistence.criteria.CriteriaQuery instead
2025-03-13 17:52:27.344  INFO 11004 --- [http-nio-8080-exec-3] c.p.Service.Utils.JwtCustomFilter        : request enter the custom filter
2025-03-13 17:52:27.385  INFO 11004 --- [http-nio-8080-exec-3] c.p.ServiceImpl.UserDetailsServiceImpl   : UserDetailsImpl.loadUserByUsername() invoked with username :lathusanthurairajah@codearson.com
2025-03-13 17:52:27.385  INFO 11004 --- [http-nio-8080-exec-3] com.pos_main.Service.BL.UserServiceBL    : UserServiceBL.getUserByUserName() invoked
2025-03-13 17:52:27.386  WARN 11004 --- [http-nio-8080-exec-3] org.hibernate.orm.deprecation            : HHH90000022: Hibernate's legacy org.hibernate.Criteria API is deprecated; use the JPA javax.persistence.criteria.CriteriaQuery instead
2025-03-13 17:52:27.434  INFO 11004 --- [http-nio-8080-exec-3] c.p.Controller.TransactionController     : TransactionController.save() invoked
2025-03-13 17:52:27.437  INFO 11004 --- [http-nio-8080-exec-3] c.p.ServiceImpl.TransactionServiceImpl   : TransactionServiceImpl.save() invoked
2025-03-13 17:52:27.438  INFO 11004 --- [http-nio-8080-exec-3] c.p.Service.BL.TransactionServiceBL      : TransactionServiceBL.save() invoked.
2025-03-13 17:52:27.444  WARN 11004 --- [http-nio-8080-exec-3] org.hibernate.orm.deprecation            : HHH90000022: Hibernate's legacy org.hibernate.Criteria API is deprecated; use the JPA javax.persistence.criteria.CriteriaQuery instead
2025-03-13 17:52:27.472  INFO 11004 --- [http-nio-8080-exec-3] com.pos_main.DaoImpl.ProductDaoImpl      : ProductDaoImpl.updateProduct() invoked.
2025-03-13 17:52:27.518  WARN 11004 --- [http-nio-8080-exec-3] org.hibernate.orm.deprecation            : HHH90000022: Hibernate's legacy org.hibernate.Criteria API is deprecated; use the JPA javax.persistence.criteria.CriteriaQuery instead
2025-03-13 17:52:27.521  INFO 11004 --- [http-nio-8080-exec-3] c.p.Service.BL.TransactionServiceBL      : Skipping quantity update for Custom category productId: 14
2025-03-13 17:52:27.527  INFO 11004 --- [http-nio-8080-exec-3] com.pos_main.DaoImpl.TransactionDaoImpl  : TransactionDaoImpl.save() invoked.
2025-03-13 17:52:27.620  INFO 11004 --- [http-nio-8080-exec-3] c.p.ServiceImpl.TransactionServiceImpl   : Transaction details saved.
2025-03-13 17:52:51.562  INFO 11004 --- [http-nio-8080-exec-4] c.p.Service.Utils.JwtCustomFilter        : request enter the custom filter
2025-03-13 17:52:51.568  INFO 11004 --- [http-nio-8080-exec-4] c.p.ServiceImpl.UserDetailsServiceImpl   : UserDetailsImpl.loadUserByUsername() invoked with username :lathusanthurairajah@codearson.com
2025-03-13 17:52:51.568  INFO 11004 --- [http-nio-8080-exec-4] com.pos_main.Service.BL.UserServiceBL    : UserServiceBL.getUserByUserName() invoked
2025-03-13 17:52:51.568  WARN 11004 --- [http-nio-8080-exec-4] org.hibernate.orm.deprecation            : HHH90000022: Hibernate's legacy org.hibernate.Criteria API is deprecated; use the JPA javax.persistence.criteria.CriteriaQuery instead
2025-03-13 17:52:51.581  INFO 11004 --- [http-nio-8080-exec-4] c.p.Controller.TransactionController     : TransactionController.save() invoked
2025-03-13 17:52:51.581  INFO 11004 --- [http-nio-8080-exec-4] c.p.ServiceImpl.TransactionServiceImpl   : TransactionServiceImpl.save() invoked
2025-03-13 17:52:51.581  INFO 11004 --- [http-nio-8080-exec-4] c.p.Service.BL.TransactionServiceBL      : TransactionServiceBL.save() invoked.
2025-03-13 17:52:51.581  WARN 11004 --- [http-nio-8080-exec-4] org.hibernate.orm.deprecation            : HHH90000022: Hibernate's legacy org.hibernate.Criteria API is deprecated; use the JPA javax.persistence.criteria.CriteriaQuery instead
2025-03-13 17:52:51.585  INFO 11004 --- [http-nio-8080-exec-4] com.pos_main.DaoImpl.ProductDaoImpl      : ProductDaoImpl.updateProduct() invoked.
2025-03-13 17:52:51.595  WARN 11004 --- [http-nio-8080-exec-4] org.hibernate.orm.deprecation            : HHH90000022: Hibernate's legacy org.hibernate.Criteria API is deprecated; use the JPA javax.persistence.criteria.CriteriaQuery instead
2025-03-13 17:52:51.599  INFO 11004 --- [http-nio-8080-exec-4] c.p.Service.BL.TransactionServiceBL      : Skipping quantity update for Custom category productId: 17
2025-03-13 17:52:51.600  INFO 11004 --- [http-nio-8080-exec-4] com.pos_main.DaoImpl.TransactionDaoImpl  : TransactionDaoImpl.save() invoked.
2025-03-13 17:52:51.616  INFO 11004 --- [http-nio-8080-exec-4] c.p.ServiceImpl.TransactionServiceImpl   : Transaction details saved.
2025-03-13 17:53:51.645  INFO 11004 --- [RMI TCP Connection(12)-127.0.0.1] inMXBeanRegistrar$SpringApplicationAdmin : Application shutdown requested.
2025-03-13 17:53:51.673  INFO 11004 --- [RMI TCP Connection(12)-127.0.0.1] j.LocalContainerEntityManagerFactoryBean : Closing JPA EntityManagerFactory for persistence unit 'default'
2025-03-13 17:53:51.675  INFO 11004 --- [RMI TCP Connection(12)-127.0.0.1] com.zaxxer.hikari.HikariDataSource       : HikariPool-1 - Shutdown initiated...
2025-03-13 17:53:51.677  INFO 11004 --- [RMI TCP Connection(12)-127.0.0.1] com.zaxxer.hikari.HikariDataSource       : HikariPool-1 - Shutdown completed.
